[debug] [2023-11-25T17:42:25.623Z] ----------------------------------------------------------------------
[debug] [2023-11-25T17:42:25.627Z] Command:       C:\Program Files\nodejs\node.exe C:\Users\karth\AppData\Roaming\npm\node_modules\firebase-tools\lib\bin\firebase.js init
[debug] [2023-11-25T17:42:25.627Z] CLI Version:   12.9.1
[debug] [2023-11-25T17:42:25.628Z] Platform:      win32
[debug] [2023-11-25T17:42:25.629Z] Node Version:  v18.16.1
[debug] [2023-11-25T17:42:25.630Z] Time:          Sat Nov 25 2023 23:12:25 GMT+0530 (India Standard Time)
[debug] [2023-11-25T17:42:25.630Z] ----------------------------------------------------------------------
[debug] 
[debug] [2023-11-25T17:42:25.736Z] > command requires scopes: ["email","openid","https://www.googleapis.com/auth/cloudplatformprojects.readonly","https://www.googleapis.com/auth/firebase","https://www.googleapis.com/auth/cloud-platform"]
[debug] [2023-11-25T17:42:25.737Z] > authorizing via signed-in user (karthivkn13@gmail.com)
[info] 
     ######## #### ########  ######## ########     ###     ######  ########
     ##        ##  ##     ## ##       ##     ##  ##   ##  ##       ##
     ######    ##  ########  ######   ########  #########  ######  ######
     ##        ##  ##    ##  ##       ##     ## ##     ##       ## ##
     ##       #### ##     ## ######## ########  ##     ##  ######  ########

You're about to initialize a Firebase project in this directory:

  C:\Users\karth\OneDrive\Desktop\Angular\demoApp

Before we get started, keep in mind:

  * You are initializing within an existing Firebase project directory

